    <><><><><><><><><><><><><><><><><><><><><><><><><><><><><><><>
                                ___
                             .-'   `'.
                            /         \
                            |         ;
                            |         |           ___.--,
                   _.._     |0) ~ (0) |    _.---'`__.-( (_.
            __.--'`_.. '.__.\    '--. \_.-' ,.--'`     `""`
           ( ,.--'`   ',__ /./;   ;, '.__.'`    __
           _`) )  .---.__.' / |   |\   \__..--""  """--.,_
          `---' .'.''-._.-'`_./  /\ '.  \ _.-~~~````~~~-._`-.__.'
                | |  .' _.-' |  |  \  \  '.               `~---`
                 \ \/ .'     \  \   '. '-._)
                  \/ /        \  \    `=.__`~-.
             jgs  / /\         `) )    / / `"".`\
            , _.-'.'\ \        / /    ( (     / /
             `--~`   ) )    .-'.'      '.'.  | (
                    (/`    ( (`          ) )  '-;
                     `      '-;         (-'

    This program is free software; you can redistribute it and/or modify
    it under the terms of the GNU General Public License as published by
    the Free Software Foundation; either version 2, or (at your option)
    any later version.

    This program is distributed in the hope that it will be useful,
    but WITHOUT ANY WARRANTY; without even the implied warranty of
    MERCHANTABILITY or FITNESS FOR A PARTICULAR PURPOSE.  See the
    GNU General Public License for more details.

    You should have received a copy of the GNU General Public License
    along with this program; if not, write to the Free Software
    Foundation, Inc., 51 Franklin Street, Fifth Floor, Boston, MA

    <><><><><><><><><><><><><><><><><><><><><><><><><><><><><><><>

                           Running octopus

Version                : 16.3
Commit                 :
Configuration time     : 2026-04-03T01:02:39
Configuration options  :  openmp mpi libxc_fxc libxc_kxc
Optional libraries     : metis scalapack
Architecture           : x86_64
C compiler             : /opt/intel/oneapi/mpi/2021.17/bin/mpiicx
C compiler flags       :
C++ compiler           : /opt/intel/oneapi/mpi/2021.17/bin/mpiicpx
C++ compiler flags     :
Fortran compiler       : /opt/intel/oneapi/mpi/2021.17/bin/mpiifx (Intel(R) Fortran Compiler for applications running on Intel(R) 64, Version 2025.3.3 Build 20260319)
Fortran compiler flags :

               The octopus is swimming in cal1 (Linux)


            Calculation started on 2026/04/06 at 04:34:00


************************** Calculation Mode **************************
Input: [CalculationMode = gs]
**********************************************************************

Info: Initializing Multi-threaded FFTW
Input: [SpinComponents = unpolarized]

******************************* Space ********************************
Octopus will run in 3 dimension(s).
Octopus will treat the system as periodic in 0 dimension(s).
**********************************************************************

Input: [AllElectronType = no]
Input: [PseudopotentialSet = hgh_lda]
Reading Coordinates from Coordinates block

****************************** Species *******************************
  Species 'N'
    type             : pseudopotential
    file             : '/work/sato/octopus_tutorial/octopus_execute/install/share/octopus/pseudopotentials/HGH/lda//N.hgh'
    file format      : HGH
    valence charge   : 5.0
    atomic number    :   7
    form on file     : kleinman-bylander
    lmax             : 1
    llocal           : -1
    projectors per l : 3
    total projectors : 6
    application form : kleinman-bylander
    orbitals         :  4
    bound orbitals   :  4

**********************************************************************


***************************** Symmetries *****************************
Symmetry elements : (i) (Cinf) (C2) 2*(sigma)
Symmetry group    : Dinfh
**********************************************************************

Input: [CurvMethod = curv_affine]
Input: [DerivativesStencil = stencil_star]
Input: [SmearingFunction = semiconducting]
Input: [SymmetrizeDensity = no]

******************************* States *******************************
Total electronic charge  =       10.000
Number of states         =        7
States block-size        =        4
**********************************************************************


************************** Parallelization ***************************
Info: Octopus will run in *parallel*

      Number of processes           :       1
      Number of threads per process :       2

**********************************************************************

Info: Generating weights for finite-difference discretization of x-gradient
Info: Generating weights for finite-difference discretization of y-gradient
Info: Generating weights for finite-difference discretization of z-gradient
Info: Generating weights for finite-difference discretization of Laplacian

******************************** Grid ********************************
Simulation Box:
  Type = minimum
  Radius  [b] =  10.000
Main mesh:
  Spacing [b] = ( 0.400, 0.400, 0.400)    volume/point [b^3] =      0.06400
  # inner mesh =      75035
  # total mesh =     108643
  Grid Cutoff [H] =    30.842514    Grid Cutoff [Ry] =    61.685028
**********************************************************************

Info: states-block size = 3.3 MiB
Input: [StatesPack = yes]
Input: [StatesOrthogonalization = cholesky_serial]

** Warning:
**   The XCFunctional that you selected does not match the one used
**   to generate the pseudopotentials.


**************************** Theory Level ****************************
Input: [TheoryLevel = kohn_sham]

Exchange-correlation:
  Exchange
    Slater exchange (LDA)
    [1] P. A. M. Dirac.,  Math. Proc. Cambridge Philos. Soc. 26, 376 (1930)
    [2] F. Bloch.,  Z. Phys. 57, 545 (1929)
  Correlation
    Perdew & Wang (LDA)
    [1] J. P. Perdew and Y. Wang.,  Phys. Rev. B 45, 13244 (1992)

**********************************************************************


****************************** Hartree *******************************
Input: [DressedOrbitals = no]
The chosen Poisson solver is 'interpolating scaling functions'
**********************************************************************

Input: [FilterPotentials = filter_TS]
Info: Pseudopotential for N
  Radii for localized parts:
    local part     =  1.3 b
    non-local part =  1.5 b
    orbitals       =  8.0 b

Input: [RelativisticCorrection = non_relativistic]
Input: [DFTULevel = dft_u_none]
Input: [MagneticConstrain = 0]

****************** Approximate memory requirements *******************
Mesh
  global  :       0.8 MiB
  local   :       3.3 MiB
  total   :       4.1 MiB

States
  real    :       5.8 MiB (par_kpoints + par_states + par_domains)
  complex :      11.6 MiB (par_kpoints + par_states + par_domains)

**********************************************************************

Info: Generating external potential
      done.
Input: [InteractionTiming = timing_exact]
Info: Octopus initialization completed.
Info: Starting calculation mode.
Info: Allocating ground state wave-functions
Info: Blocks of states
      Block       1 contains       4 states:       1 -       4
      Block       2 contains       3 states:       5 -       7
Info: Ground-state allocation done.

**************************** Eigensolver *****************************
Input: [Eigensolver = cg]
Input: [Preconditioner = pre_filter]
Info: Generating weights for finite-difference discretization of Preconditioner
Input: [PreconditionerFilterFactor = 0.5000]
Input: [SubspaceDiagonalization = standard]
**********************************************************************

Input: [MixField = potential] (what to mix during SCF cycles)
Input: [MixingScheme = broyden]
Info: Mixing uses    4 steps and restarts after   20 steps.
Input: [LCAOStart = lcao_states]
Input: [LCAOScaleFactor = 1.000]
Input: [LCAOMaximumOrbitalRadius = 20.00 b]
Info: Double-precision storage for     1 extra orbitals will be allocated.
Info: Unnormalized total charge =      9.997851
Info: Renormalized total charge =     10.000000
Info: Setting up Hamiltonian.
Info: Performing initial LCAO calculation with      8 orbitals.
Info: Getting Hamiltonian matrix elements.
ETA: .......1......2.......3......4......5.......6......7.......8......9......0

Eigenvalues [H]
 #st  Spin   Eigenvalue      Occupation
   1   --    -1.162487       2.000000
   2   --    -0.592098       2.000000
   3   --    -0.526794       2.000000
   4   --    -0.469673       2.000000
   5   --    -0.469673       2.000000
   6   --    -0.066314       0.000000
   7   --    -0.066314       0.000000
Info: Ground-state restart information will be written to 'restart/gs'.
Info: SCF using real wavefunctions.
Info: Starting SCF iteration.
ETA: .......1......2.......3......4......5.......6......7.......8......9......0


*********************** SCF CYCLE ITER #    1 ************************
 etot  = -2.22304435E+01 abs_ev   =  5.94E-01 rel_ev   =  8.45E-02
 ediff =        2.22E+01 abs_dens =  1.59E+00 rel_dens =  1.59E-01
Matrix vector products:     43
Converged eigenvectors:      0

#  State  Eigenvalue [H]  Occupation    Error
      1       -1.284210    2.000000   ( 1.5E-01)
      2       -0.621679    2.000000   ( 1.1E-01)
      3       -0.621595    2.000000   ( 6.3E-02)
      4       -0.495183    2.000000   ( 7.0E-02)
      5       -0.495183    2.000000   ( 7.0E-02)
      6       -0.088838    0.000000   ( 6.9E-02)
      7       -0.088838    0.000000   ( 6.9E-02)

Density of states:

--------------------------------------%-------%----------------------%
--------------------------------------%-------%----------------------%
--------------------------------------%-------%----------------------%
--------------------------------------%-------%----------------------%
--------------------------------------%-------%----------------------%
%-------------------------------------%-------%----------------------%
%-------------------------------------%-------%----------------------%
%-------------------------------------%-------%----------------------%
%-------------------------------------%-------%----------------------%
%-------------------------------------%-------%----------------------%
                                              ^


Elapsed time for SCF step     1:          0.11
**********************************************************************

ETA: .......1......2.......3......4......5.......6......7.......8......9......0


*********************** SCF CYCLE ITER #    2 ************************
 etot  = -2.14628746E+01 abs_ev   =  5.83E-01 rel_ev   =  9.04E-02
 ediff =        7.68E-01 abs_dens =  2.57E-01 rel_dens =  2.57E-02
Matrix vector products:     57
Converged eigenvectors:      0

#  State  Eigenvalue [H]  Occupation    Error
      1       -1.202467    2.000000   ( 3.0E-02)
      2       -0.569431    2.000000   ( 1.2E-02)
      3       -0.563959    2.000000   ( 2.5E-02)
      4       -0.445163    2.000000   ( 1.1E-02)
      5       -0.445163    2.000000   ( 1.1E-02)
      6       -0.047783    0.000000   ( 2.1E-02)
      7       -0.047783    0.000000   ( 2.1E-02)

Density of states:

--------------------------------------%------%-----------------------%
--------------------------------------%------%-----------------------%
--------------------------------------%------%-----------------------%
--------------------------------------%------%-----------------------%
--------------------------------------%------%-----------------------%
%-------------------------------------%------%-----------------------%
%-------------------------------------%------%-----------------------%
%-------------------------------------%------%-----------------------%
%-------------------------------------%------%-----------------------%
%-------------------------------------%------%-----------------------%
                                             ^


Elapsed time for SCF step     2:          0.13
**********************************************************************

ETA: .......1......2.......3......4......5.......6......7.......8......9......0


*********************** SCF CYCLE ITER #    3 ************************
 etot  = -2.00239268E+01 abs_ev   =  8.41E-01 rel_ev   =  1.50E-01
 ediff =        1.44E+00 abs_dens =  4.31E-01 rel_dens =  4.31E-02
Matrix vector products:     56
Converged eigenvectors:      0

#  State  Eigenvalue [H]  Occupation    Error
      1       -1.086589    2.000000   ( 1.9E-02)
      2       -0.494128    2.000000   ( 1.6E-02)
      3       -0.478250    2.000000   ( 2.3E-02)
      4       -0.373320    2.000000   ( 1.9E-02)
      5       -0.373320    2.000000   ( 1.9E-02)
      6        0.009046    0.000000   ( 2.6E-02)
      7        0.009046    0.000000   ( 2.6E-02)

Density of states:

---------------------------------------------%-----------------------%
---------------------------------------------%-----------------------%
---------------------------------------------%-----------------------%
---------------------------------------------%-----------------------%
---------------------------------------------%-----------------------%
%------------------------------------%%------%-----------------------%
%------------------------------------%%------%-----------------------%
%------------------------------------%%------%-----------------------%
%------------------------------------%%------%-----------------------%
%------------------------------------%%------%-----------------------%
                                             ^


Elapsed time for SCF step     3:          0.13
**********************************************************************

ETA: .......1......2.......3......4......5.......6......7.......8......9......0


*********************** SCF CYCLE ITER #    4 ************************
 etot  = -2.03038809E+01 abs_ev   =  2.05E-01 rel_ev   =  3.53E-02
 ediff =        2.80E-01 abs_dens =  8.05E-02 rel_dens =  8.05E-03
Matrix vector products:     50
Converged eigenvectors:      0

#  State  Eigenvalue [H]  Occupation    Error
      1       -1.114623    2.000000   ( 1.0E-02)
      2       -0.512007    2.000000   ( 3.5E-03)
      3       -0.498684    2.000000   ( 1.3E-02)
      4       -0.391457    2.000000   ( 2.7E-03)
      5       -0.391457    2.000000   ( 2.7E-03)
      6       -0.004694    0.000000   ( 4.6E-03)
      7       -0.004694    0.000000   ( 4.6E-03)

Density of states:

---------------------------------------------%-----------------------%
---------------------------------------------%-----------------------%
---------------------------------------------%-----------------------%
---------------------------------------------%-----------------------%
---------------------------------------------%-----------------------%
%------------------------------------%%------%-----------------------%
%------------------------------------%%------%-----------------------%
%------------------------------------%%------%-----------------------%
%------------------------------------%%------%-----------------------%
%------------------------------------%%------%-----------------------%
                                             ^


Elapsed time for SCF step     4:          0.12
**********************************************************************

ETA: .......1......2.......3......4......5.......6......7.......8......9......0


*********************** SCF CYCLE ITER #    5 ************************
 etot  = -2.03425686E+01 abs_ev   =  2.59E-02 rel_ev   =  4.43E-03
 ediff =        3.87E-02 abs_dens =  1.44E-02 rel_dens =  1.44E-03
Matrix vector products:     59
Converged eigenvectors:      0

#  State  Eigenvalue [H]  Occupation    Error
      1       -1.117292    2.000000   ( 5.0E-03)
      2       -0.514187    2.000000   ( 2.2E-03)
      3       -0.500879    2.000000   ( 1.0E-02)
      4       -0.394403    2.000000   ( 5.0E-04)
      5       -0.394403    2.000000   ( 5.0E-04)
      6       -0.006780    0.000000   ( 8.9E-04)
      7       -0.006780    0.000000   ( 8.9E-04)

Density of states:

---------------------------------------------%-----------------------%
---------------------------------------------%-----------------------%
---------------------------------------------%-----------------------%
---------------------------------------------%-----------------------%
---------------------------------------------%-----------------------%
%------------------------------------%%------%-----------------------%
%------------------------------------%%------%-----------------------%
%------------------------------------%%------%-----------------------%
%------------------------------------%%------%-----------------------%
%------------------------------------%%------%-----------------------%
                                             ^


Elapsed time for SCF step     5:          0.13
**********************************************************************

ETA: .......1......2.......3......4......5.......6......7.......8......9......0


*********************** SCF CYCLE ITER #    6 ************************
 etot  = -2.02677405E+01 abs_ev   =  4.05E-02 rel_ev   =  6.98E-03
 ediff =        7.48E-02 abs_dens =  2.52E-02 rel_dens =  2.52E-03
Matrix vector products:     58
Converged eigenvectors:      0

#  State  Eigenvalue [H]  Occupation    Error
      1       -1.111186    2.000000   ( 3.9E-03)
      2       -0.510610    2.000000   ( 1.7E-03)
      3       -0.496638    2.000000   ( 8.3E-03)
      4       -0.391241    2.000000   ( 1.0E-03)
      5       -0.391241    2.000000   ( 1.0E-03)
      6       -0.004313    0.000000   ( 1.3E-03)
      7       -0.004313    0.000000   ( 1.3E-03)

Density of states:

---------------------------------------------%-----------------------%
---------------------------------------------%-----------------------%
---------------------------------------------%-----------------------%
---------------------------------------------%-----------------------%
---------------------------------------------%-----------------------%
%------------------------------------%%------%-----------------------%
%------------------------------------%%------%-----------------------%
%------------------------------------%%------%-----------------------%
%------------------------------------%%------%-----------------------%
%------------------------------------%%------%-----------------------%
                                             ^


Elapsed time for SCF step     6:          0.13
**********************************************************************

ETA: .......1......2.......3......4......5.......6......7.......8......9......0


*********************** SCF CYCLE ITER #    7 ************************
 etot  = -2.02802464E+01 abs_ev   =  9.42E-03 rel_ev   =  1.62E-03
 ediff =        1.25E-02 abs_dens =  3.43E-03 rel_dens =  3.43E-04
Matrix vector products:     71
Converged eigenvectors:      0

#  State  Eigenvalue [H]  Occupation    Error
      1       -1.112296    2.000000   ( 1.3E-03)
      2       -0.511518    2.000000   ( 9.7E-04)
      3       -0.497643    2.000000   ( 9.6E-04)
      4       -0.392083    2.000000   ( 1.7E-04)
      5       -0.392083    2.000000   ( 1.7E-04)
      6       -0.004992    0.000000   ( 2.3E-04)
      7       -0.004992    0.000000   ( 2.3E-04)

Density of states:

---------------------------------------------%-----------------------%
---------------------------------------------%-----------------------%
---------------------------------------------%-----------------------%
---------------------------------------------%-----------------------%
---------------------------------------------%-----------------------%
%------------------------------------%%------%-----------------------%
%------------------------------------%%------%-----------------------%
%------------------------------------%%------%-----------------------%
%------------------------------------%%------%-----------------------%
%------------------------------------%%------%-----------------------%
                                             ^


Elapsed time for SCF step     7:          0.15
**********************************************************************

ETA: .......1......2.......3......4......5.......6......7.......8......9......0


*********************** SCF CYCLE ITER #    8 ************************
 etot  = -2.02815796E+01 abs_ev   =  1.45E-03 rel_ev   =  2.49E-04
 ediff =        1.33E-03 abs_dens =  3.61E-04 rel_dens =  3.61E-05
Matrix vector products:     75
Converged eigenvectors:      0

#  State  Eigenvalue [H]  Occupation    Error
      1       -1.112416    2.000000   ( 5.5E-04)
      2       -0.511681    2.000000   ( 5.7E-05)
      3       -0.497815    2.000000   ( 1.7E-04)
      4       -0.392218    2.000000   ( 4.5E-05)
      5       -0.392218    2.000000   ( 4.5E-05)
      6       -0.005116    0.000000   ( 4.2E-05)
      7       -0.005116    0.000000   ( 4.2E-05)

Density of states:

---------------------------------------------%-----------------------%
---------------------------------------------%-----------------------%
---------------------------------------------%-----------------------%
---------------------------------------------%-----------------------%
---------------------------------------------%-----------------------%
%------------------------------------%%------%-----------------------%
%------------------------------------%%------%-----------------------%
%------------------------------------%%------%-----------------------%
%------------------------------------%%------%-----------------------%
%------------------------------------%%------%-----------------------%
                                             ^


Elapsed time for SCF step     8:          0.15
**********************************************************************

ETA: .......1......2.......3......4......5.......6......7.......8......9......0


*********************** SCF CYCLE ITER #    9 ************************
 etot  = -2.02839540E+01 abs_ev   =  1.64E-03 rel_ev   =  2.83E-04
 ediff =        2.37E-03 abs_dens =  5.30E-04 rel_dens =  5.30E-05
Matrix vector products:     70
Converged eigenvectors:      0

#  State  Eigenvalue [H]  Occupation    Error
      1       -1.112621    2.000000   ( 8.4E-05)
      2       -0.511829    2.000000   ( 4.0E-05)
      3       -0.497978    2.000000   ( 1.4E-04)
      4       -0.392371    2.000000   ( 2.1E-05)
      5       -0.392371    2.000000   ( 2.1E-05)
      6       -0.005237    0.000000   ( 2.7E-05)
      7       -0.005237    0.000000   ( 2.7E-05)

Density of states:

---------------------------------------------%-----------------------%
---------------------------------------------%-----------------------%
---------------------------------------------%-----------------------%
---------------------------------------------%-----------------------%
---------------------------------------------%-----------------------%
%------------------------------------%%------%-----------------------%
%------------------------------------%%------%-----------------------%
%------------------------------------%%------%-----------------------%
%------------------------------------%%------%-----------------------%
%------------------------------------%%------%-----------------------%
                                             ^


Elapsed time for SCF step     9:          0.14
**********************************************************************

ETA: .......1......2.......3......4......5.......6......7.......8......9......0


*********************** SCF CYCLE ITER #   10 ************************
 etot  = -2.02844283E+01 abs_ev   =  2.70E-04 rel_ev   =  4.65E-05
 ediff =        4.74E-04 abs_dens =  1.90E-04 rel_dens =  1.90E-05
Matrix vector products:     71
Converged eigenvectors:      0

#  State  Eigenvalue [H]  Occupation    Error
      1       -1.112656    2.000000   ( 2.7E-05)
      2       -0.511844    2.000000   ( 2.9E-05)
      3       -0.497994    2.000000   ( 1.1E-04)
      4       -0.392405    2.000000   ( 7.3E-06)
      5       -0.392405    2.000000   ( 7.3E-06)
      6       -0.005258    0.000000   ( 1.2E-05)
      7       -0.005258    0.000000   ( 1.2E-05)

Density of states:

---------------------------------------------%-----------------------%
---------------------------------------------%-----------------------%
---------------------------------------------%-----------------------%
---------------------------------------------%-----------------------%
---------------------------------------------%-----------------------%
%------------------------------------%%------%-----------------------%
%------------------------------------%%------%-----------------------%
%------------------------------------%%------%-----------------------%
%------------------------------------%%------%-----------------------%
%------------------------------------%%------%-----------------------%
                                             ^


Elapsed time for SCF step    10:          0.16
**********************************************************************

ETA: .......1......2.......3......4......5.......6......7.......8......9......0


*********************** SCF CYCLE ITER #   11 ************************
 etot  = -2.02843425E+01 abs_ev   =  7.20E-05 rel_ev   =  1.24E-05
 ediff =        8.58E-05 abs_dens =  2.48E-05 rel_dens =  2.48E-06
Matrix vector products:     86
Converged eigenvectors:      0

#  State  Eigenvalue [H]  Occupation    Error
      1       -1.112647    2.000000   ( 1.1E-05)
      2       -0.511838    2.000000   ( 5.4E-06)
      3       -0.497987    2.000000   ( 1.1E-05)
      4       -0.392398    2.000000   ( 1.1E-06)
      5       -0.392398    2.000000   ( 1.1E-06)
      6       -0.005253    0.000000   ( 2.1E-06)
      7       -0.005253    0.000000   ( 2.1E-06)

Density of states:

---------------------------------------------%-----------------------%
---------------------------------------------%-----------------------%
---------------------------------------------%-----------------------%
---------------------------------------------%-----------------------%
---------------------------------------------%-----------------------%
%------------------------------------%%------%-----------------------%
%------------------------------------%%------%-----------------------%
%------------------------------------%%------%-----------------------%
%------------------------------------%%------%-----------------------%
%------------------------------------%%------%-----------------------%
                                             ^


Elapsed time for SCF step    11:          0.20
**********************************************************************

ETA: .......1......2.......3......4......5.......6......7.......8......9......0


*********************** SCF CYCLE ITER #   12 ************************
 etot  = -2.02843466E+01 abs_ev   =  7.70E-06 rel_ev   =  1.32E-06
 ediff =        4.10E-06 abs_dens =  1.98E-05 rel_dens =  1.98E-06
Matrix vector products:     43
Converged eigenvectors:      0

#  State  Eigenvalue [H]  Occupation    Error
      1       -1.112646    2.000000   ( 1.0E-05)
      2       -0.511841    2.000000   ( 4.2E-06)
      3       -0.497991    2.000000   ( 8.3E-06)
      4       -0.392397    2.000000   ( 9.8E-07)
      5       -0.392397    2.000000   ( 9.8E-07)
      6       -0.005253    0.000000   ( 1.3E-06)
      7       -0.005253    0.000000   ( 1.3E-06)

Density of states:

---------------------------------------------%-----------------------%
---------------------------------------------%-----------------------%
---------------------------------------------%-----------------------%
---------------------------------------------%-----------------------%
---------------------------------------------%-----------------------%
%------------------------------------%%------%-----------------------%
%------------------------------------%%------%-----------------------%
%------------------------------------%%------%-----------------------%
%------------------------------------%%------%-----------------------%
%------------------------------------%%------%-----------------------%
                                             ^


Elapsed time for SCF step    12:          0.12
**********************************************************************

ETA: .......1......2.......3......4......5.......6......7.......8......9......0


*********************** SCF CYCLE ITER #   13 ************************
 etot  = -2.02843535E+01 abs_ev   =  5.45E-07 rel_ev   =  9.37E-08
 ediff =        6.95E-06 abs_dens =  1.63E-05 rel_dens =  1.63E-06
Matrix vector products:     59
Converged eigenvectors:      0

#  State  Eigenvalue [H]  Occupation    Error
      1       -1.112645    2.000000   ( 2.1E-06)
      2       -0.511842    2.000000   ( 3.2E-06)
      3       -0.497993    2.000000   ( 6.2E-06)
      4       -0.392396    2.000000   ( 6.4E-07)
      5       -0.392396    2.000000   ( 6.4E-07)
      6       -0.005253    0.000000   ( 6.1E-07)
      7       -0.005253    0.000000   ( 6.1E-07)

Density of states:

---------------------------------------------%-----------------------%
---------------------------------------------%-----------------------%
---------------------------------------------%-----------------------%
---------------------------------------------%-----------------------%
---------------------------------------------%-----------------------%
%------------------------------------%%------%-----------------------%
%------------------------------------%%------%-----------------------%
%------------------------------------%%------%-----------------------%
%------------------------------------%%------%-----------------------%
%------------------------------------%%------%-----------------------%
                                             ^


Elapsed time for SCF step    13:          0.15
**********************************************************************

ETA: .......1......2.......3......4......5.......6......7.......8......9......0


*********************** SCF CYCLE ITER #   14 ************************
 etot  = -2.02843536E+01 abs_ev   =  4.20E-06 rel_ev   =  7.22E-07
 ediff =        9.66E-08 abs_dens =  6.45E-06 rel_dens =  6.45E-07
Matrix vector products:     70
Converged eigenvectors:      0

#  State  Eigenvalue [H]  Occupation    Error
      1       -1.112645    2.000000   ( 1.2E-06)
      2       -0.511842    2.000000   ( 2.5E-06)
      3       -0.497993    2.000000   ( 1.9E-06)
      4       -0.392395    2.000000   ( 2.7E-07)
      5       -0.392395    2.000000   ( 2.7E-07)
      6       -0.005253    0.000000   ( 2.3E-07)
      7       -0.005253    0.000000   ( 2.3E-07)

Density of states:

---------------------------------------------%-----------------------%
---------------------------------------------%-----------------------%
---------------------------------------------%-----------------------%
---------------------------------------------%-----------------------%
---------------------------------------------%-----------------------%
%------------------------------------%%------%-----------------------%
%------------------------------------%%------%-----------------------%
%------------------------------------%%------%-----------------------%
%------------------------------------%%------%-----------------------%
%------------------------------------%%------%-----------------------%
                                             ^


Elapsed time for SCF step    14:          0.17
**********************************************************************

ETA: .......1......2.......3......4......5.......6......7.......8......9......0


*********************** SCF CYCLE ITER #   15 ************************
 etot  = -2.02843611E+01 abs_ev   =  4.40E-06 rel_ev   =  7.56E-07
 ediff =        7.51E-06 abs_dens =  2.30E-06 rel_dens =  2.30E-07
Matrix vector products:     76
Converged eigenvectors:      0

#  State  Eigenvalue [H]  Occupation    Error
      1       -1.112645    2.000000   ( 6.4E-07)
      2       -0.511842    2.000000   ( 1.5E-07)
      3       -0.497994    2.000000   ( 6.0E-07)
      4       -0.392396    2.000000   ( 1.8E-07)
      5       -0.392396    2.000000   ( 1.8E-07)
      6       -0.005253    0.000000   ( 1.4E-07)
      7       -0.005253    0.000000   ( 1.4E-07)

Density of states:

---------------------------------------------%-----------------------%
---------------------------------------------%-----------------------%
---------------------------------------------%-----------------------%
---------------------------------------------%-----------------------%
---------------------------------------------%-----------------------%
%------------------------------------%%------%-----------------------%
%------------------------------------%%------%-----------------------%
%------------------------------------%%------%-----------------------%
%------------------------------------%%------%-----------------------%
%------------------------------------%%------%-----------------------%
                                             ^


Elapsed time for SCF step    15:          0.18
**********************************************************************

ETA: .......1......2.......3......4......5.......6......7.......8......9......0


*********************** SCF CYCLE ITER #   16 ************************
 etot  = -2.02843673E+01 abs_ev   =  2.77E-06 rel_ev   =  4.76E-07
 ediff =        6.20E-06 abs_dens =  2.30E-06 rel_dens =  2.30E-07
Matrix vector products:     56
Converged eigenvectors:      0

#  State  Eigenvalue [H]  Occupation    Error
      1       -1.112646    2.000000   ( 4.4E-07)
      2       -0.511843    2.000000   ( 1.1E-07)
      3       -0.497994    2.000000   ( 5.3E-07)
      4       -0.392396    2.000000   ( 1.7E-07)
      5       -0.392396    2.000000   ( 1.7E-07)
      6       -0.005253    0.000000   ( 1.0E-07)
      7       -0.005253    0.000000   ( 1.0E-07)

Density of states:

---------------------------------------------%-----------------------%
---------------------------------------------%-----------------------%
---------------------------------------------%-----------------------%
---------------------------------------------%-----------------------%
---------------------------------------------%-----------------------%
%------------------------------------%%------%-----------------------%
%------------------------------------%%------%-----------------------%
%------------------------------------%%------%-----------------------%
%------------------------------------%%------%-----------------------%
%------------------------------------%%------%-----------------------%
                                             ^


Elapsed time for SCF step    16:          0.14
**********************************************************************

ETA: .......1......2.......3......4......5.......6......7.......8......9......0


*********************** SCF CYCLE ITER #   17 ************************
 etot  = -2.02843674E+01 abs_ev   =  4.02E-07 rel_ev   =  6.91E-08
 ediff =        6.88E-08 abs_dens =  3.85E-07 rel_dens =  3.85E-08
Matrix vector products:     64
Converged eigenvectors:      0

#  State  Eigenvalue [H]  Occupation    Error
      1       -1.112646    2.000000   ( 1.4E-07)
      2       -0.511842    2.000000   ( 6.7E-08)
      3       -0.497994    2.000000   ( 8.1E-08)
      4       -0.392396    2.000000   ( 7.4E-08)
      5       -0.392396    2.000000   ( 7.4E-08)
      6       -0.005253    0.000000   ( 2.2E-08)
      7       -0.005253    0.000000   ( 2.2E-08)

Density of states:

---------------------------------------------%-----------------------%
---------------------------------------------%-----------------------%
---------------------------------------------%-----------------------%
---------------------------------------------%-----------------------%
---------------------------------------------%-----------------------%
%------------------------------------%%------%-----------------------%
%------------------------------------%%------%-----------------------%
%------------------------------------%%------%-----------------------%
%------------------------------------%%------%-----------------------%
%------------------------------------%%------%-----------------------%
                                             ^


Elapsed time for SCF step    17:          0.16
**********************************************************************

ETA: .......1......2.......3......4......5.......6......7.......8......9......0


*********************** SCF CYCLE ITER #   18 ************************
 etot  = -2.02843656E+01 abs_ev   =  1.13E-06 rel_ev   =  1.94E-07
 ediff =        1.76E-06 abs_dens =  4.55E-07 rel_dens =  4.55E-08
Matrix vector products:     59
Converged eigenvectors:      0

#  State  Eigenvalue [H]  Occupation    Error
      1       -1.112646    2.000000   ( 1.1E-07)
      2       -0.511842    2.000000   ( 4.1E-08)
      3       -0.497994    2.000000   ( 5.7E-08)
      4       -0.392396    2.000000   ( 5.3E-08)
      5       -0.392396    2.000000   ( 5.3E-08)
      6       -0.005253    0.000000   ( 2.6E-08)
      7       -0.005253    0.000000   ( 2.6E-08)

Density of states:

---------------------------------------------%-----------------------%
---------------------------------------------%-----------------------%
---------------------------------------------%-----------------------%
---------------------------------------------%-----------------------%
---------------------------------------------%-----------------------%
%------------------------------------%%------%-----------------------%
%------------------------------------%%------%-----------------------%
%------------------------------------%%------%-----------------------%
%------------------------------------%%------%-----------------------%
%------------------------------------%%------%-----------------------%
                                             ^


Elapsed time for SCF step    18:          0.15
**********************************************************************

ETA: .......1......2.......3......4......5.......6......7.......8......9......0


*********************** SCF CYCLE ITER #   19 ************************
 etot  = -2.02843660E+01 abs_ev   =  2.11E-07 rel_ev   =  3.63E-08
 ediff =        3.80E-07 abs_dens =  1.90E-07 rel_dens =  1.90E-08
Matrix vector products:     48
Converged eigenvectors:      0

#  State  Eigenvalue [H]  Occupation    Error
      1       -1.112646    2.000000   ( 1.0E-07)
      2       -0.511842    2.000000   ( 2.3E-08)
      3       -0.497994    2.000000   ( 3.8E-08)
      4       -0.392396    2.000000   ( 4.2E-08)
      5       -0.392396    2.000000   ( 4.2E-08)
      6       -0.005253    0.000000   ( 1.1E-08)
      7       -0.005253    0.000000   ( 1.1E-08)

Density of states:

---------------------------------------------%-----------------------%
---------------------------------------------%-----------------------%
---------------------------------------------%-----------------------%
---------------------------------------------%-----------------------%
---------------------------------------------%-----------------------%
%------------------------------------%%------%-----------------------%
%------------------------------------%%------%-----------------------%
%------------------------------------%%------%-----------------------%
%------------------------------------%%------%-----------------------%
%------------------------------------%%------%-----------------------%
                                             ^


Elapsed time for SCF step    19:          0.13
**********************************************************************

ETA: .......1......2.......3......4......5.......6......7.......8......9......0


*********************** SCF CYCLE ITER #   20 ************************
 etot  = -2.02843660E+01 abs_ev   =  2.54E-08 rel_ev   =  4.37E-09
 ediff =        4.47E-08 abs_dens =  1.02E-07 rel_dens =  1.02E-08
Matrix vector products:     52
Converged eigenvectors:      0

#  State  Eigenvalue [H]  Occupation    Error
      1       -1.112646    2.000000   ( 1.2E-08)
      2       -0.511842    2.000000   ( 1.4E-08)
      3       -0.497994    2.000000   ( 2.3E-08)
      4       -0.392396    2.000000   ( 3.1E-08)
      5       -0.392396    2.000000   ( 3.1E-08)
      6       -0.005253    0.000000   ( 8.8E-09)
      7       -0.005253    0.000000   ( 8.8E-09)

Density of states:

---------------------------------------------%-----------------------%
---------------------------------------------%-----------------------%
---------------------------------------------%-----------------------%
---------------------------------------------%-----------------------%
---------------------------------------------%-----------------------%
%------------------------------------%%------%-----------------------%
%------------------------------------%%------%-----------------------%
%------------------------------------%%------%-----------------------%
%------------------------------------%%------%-----------------------%
%------------------------------------%%------%-----------------------%
                                             ^


Elapsed time for SCF step    20:          0.13
**********************************************************************

Info: restarting mixing.
ETA: .......1......2.......3......4......5.......6......7.......8......9......0


*********************** SCF CYCLE ITER #   21 ************************
 etot  = -2.02843658E+01 abs_ev   =  1.11E-07 rel_ev   =  1.91E-08
 ediff =        2.07E-07 abs_dens =  6.17E-08 rel_dens =  6.17E-09
Matrix vector products:     57
Converged eigenvectors:      2

#  State  Eigenvalue [H]  Occupation    Error
      1       -1.112646    2.000000   ( 8.3E-09)
      2       -0.511842    2.000000   ( 8.7E-09)
      3       -0.497994    2.000000   ( 1.3E-08)
      4       -0.392396    2.000000   ( 5.3E-09)
      5       -0.392396    2.000000   ( 5.3E-09)
      6       -0.005253    0.000000   ( 8.6E-09)
      7       -0.005253    0.000000   ( 8.6E-09)

Density of states:

---------------------------------------------%-----------------------%
---------------------------------------------%-----------------------%
---------------------------------------------%-----------------------%
---------------------------------------------%-----------------------%
---------------------------------------------%-----------------------%
%------------------------------------%%------%-----------------------%
%------------------------------------%%------%-----------------------%
%------------------------------------%%------%-----------------------%
%------------------------------------%%------%-----------------------%
%------------------------------------%%------%-----------------------%
                                             ^


Elapsed time for SCF step    21:          0.14
**********************************************************************

ETA: .......1......2.......3......4......5.......6......7.......8......9......0


*********************** SCF CYCLE ITER #   22 ************************
 etot  = -2.02843658E+01 abs_ev   =  5.94E-09 rel_ev   =  1.02E-09
 ediff =        8.07E-09 abs_dens =  6.09E-09 rel_dens =  6.09E-10
Matrix vector products:     24
Converged eigenvectors:      7

#  State  Eigenvalue [H]  Occupation    Error
      1       -1.112646    2.000000   ( 6.8E-09)
      2       -0.511842    2.000000   ( 7.3E-09)
      3       -0.497994    2.000000   ( 7.2E-09)
      4       -0.392396    2.000000   ( 4.7E-09)
      5       -0.392396    2.000000   ( 4.7E-09)
      6       -0.005253    0.000000   ( 8.2E-09)
      7       -0.005253    0.000000   ( 8.2E-09)

Density of states:

---------------------------------------------%-----------------------%
---------------------------------------------%-----------------------%
---------------------------------------------%-----------------------%
---------------------------------------------%-----------------------%
---------------------------------------------%-----------------------%
%------------------------------------%%------%-----------------------%
%------------------------------------%%------%-----------------------%
%------------------------------------%%------%-----------------------%
%------------------------------------%%------%-----------------------%
%------------------------------------%%------%-----------------------%
                                             ^


Elapsed time for SCF step    22:          0.08
**********************************************************************

ETA: .......1......2.......3......4......5.......6......7.......8......9......0


*********************** SCF CYCLE ITER #   23 ************************
 etot  = -2.02843658E+01 abs_ev   =  1.31E-08 rel_ev   =  2.25E-09
 ediff =        1.80E-08 abs_dens =  1.44E-08 rel_dens =  1.44E-09
Matrix vector products:     21
Converged eigenvectors:      7

#  State  Eigenvalue [H]  Occupation    Error
      1       -1.112646    2.000000   ( 6.1E-09)
      2       -0.511842    2.000000   ( 6.1E-09)
      3       -0.497994    2.000000   ( 6.8E-09)
      4       -0.392396    2.000000   ( 4.4E-09)
      5       -0.392396    2.000000   ( 4.4E-09)
      6       -0.005253    0.000000   ( 4.2E-09)
      7       -0.005253    0.000000   ( 4.2E-09)

Density of states:

---------------------------------------------%-----------------------%
---------------------------------------------%-----------------------%
---------------------------------------------%-----------------------%
---------------------------------------------%-----------------------%
---------------------------------------------%-----------------------%
%------------------------------------%%------%-----------------------%
%------------------------------------%%------%-----------------------%
%------------------------------------%%------%-----------------------%
%------------------------------------%%------%-----------------------%
%------------------------------------%%------%-----------------------%
                                             ^


Elapsed time for SCF step    23:          0.08
**********************************************************************


             Info: Writing states. 2026/04/06 at 04:34:04


        Info: Finished writing states. 2026/04/06 at 04:34:04

Info: SCF converged in   23 iterations

Info: Number of matrix-vector products:       1325
Info: Finished writing information to 'restart/gs'.

             Calculation ended on 2026/04/06 at 04:34:04

                          Walltime:  04.287s

Octopus emitted 1 warning.
